[17:46:29] [Client thread/INFO]: Setting user: Player920
[17:46:32] [Client thread/INFO]: LWJGL Version: 2.9.4
[17:46:44] [Client thread/INFO]: Reloading ResourceManager: Default, FMLFileResourcePack:Forge Mod Loader, FMLFileResourcePack:Minecraft Forge, FMLFileResourcePack:Falcun
[17:46:53] [Sound Library Loader/INFO]: Starting up SoundSystem...
[17:46:53] [Thread-9/INFO]: Initializing LWJGL OpenAL
[17:46:53] [Thread-9/INFO]: (The LWJGL binding of OpenAL.  For more information, see http://www.lwjgl.org)
[17:46:53] [Thread-9/INFO]: OpenAL initialized.
[17:46:53] [Sound Library Loader/INFO]: Sound engine started
[17:46:57] [Client thread/INFO]: Created: 16x16 textures-atlas
[17:46:58] [Client thread/INFO]: Reloading ResourceManager: Default, FMLFileResourcePack:Forge Mod Loader, FMLFileResourcePack:Minecraft Forge, FMLFileResourcePack:Falcun
[17:46:58] [Client thread/INFO]: SoundSystem shutting down...
[17:46:59] [Client thread/WARN]: Author: Paul Lamb, www.paulscode.com
[17:46:59] [Sound Library Loader/INFO]: Starting up SoundSystem...
[17:46:59] [Thread-13/INFO]: Initializing LWJGL OpenAL
[17:46:59] [Thread-13/INFO]: (The LWJGL binding of OpenAL.  For more information, see http://www.lwjgl.org)
[17:46:59] [Thread-13/INFO]: OpenAL initialized.
[17:46:59] [Sound Library Loader/INFO]: Sound engine started
[17:47:03] [Client thread/INFO]: Created: 512x512 textures-atlas
[17:49:16] [Client thread/INFO]: Stopping!
[17:49:16] [Client thread/INFO]: SoundSystem shutting down...
[17:49:16] [Client thread/WARN]: Author: Paul Lamb, www.paulscode.com
