#
# A fatal error has been detected by the Java Runtime Environment:
#
#  EXCEPTION_ACCESS_VIOLATION (0xc0000005) at pc=0x0000000000000000, pid=20764, tid=0x000000000000421c
#
# JRE version: Java(TM) SE Runtime Environment (8.0_251-b08) (build 1.8.0_251-b08)
# Java VM: Java HotSpot(TM) 64-Bit Server VM (25.251-b08 mixed mode windows-amd64 compressed oops)
# Problematic frame:
# C  0x0000000000000000
#
# Failed to write core dump. Minidumps are not enabled by default on client versions of Windows
#
# If you would like to submit a bug report, please visit:
#   http://bugreport.java.com/bugreport/crash.jsp
#

---------------  T H R E A D  ---------------

Current thread (0x0000000028032800):  VMThread [stack: 0x00000000290c0000,0x00000000291c0000] [id=16924]

siginfo: ExceptionCode=0xc0000005, ExceptionInformation=0x0000000000000008 0x0000000000000000

Registers:
RAX=0x0000000000000000, RBX=0x0000000000000000, RCX=0x0000000000000001, RDX=0x00007ffea986f0b8
RSP=0x00000000291bf0e8, RBP=0x00000000268056d0, RSI=0x0000000000010000, RDI=0x0000000000000000
R8 =0x000000000119f000, R9 =0x000000000000000e, R10=0x0000000000000000, R11=0x000000003a1faa20
R12=0x00007ffe94dbe440, R13=0x0000000001911658, R14=0x00007ffe94ce0000, R15=0x0000000000000001
RIP=0x0000000000000000, EFLAGS=0x0000000000010202

Top of Stack: (sp=0x00000000291bf0e8)
0x00000000291bf0e8:   00007ffea9832f2c 0000000000000000
0x00000000291bf0f8:   00000000268056d0 0000000001911658
0x00000000291bf108:   0000000000010000 0000000000000000
0x00000000291bf118:   00007ffea983406e 0000000000000000
0x00000000291bf128:   00000000268056d0 0000000000010000
0x00000000291bf138:   00000000013fc198 0000000000000001
0x00000000291bf148:   00007ffe94ce6e3e 0000000000000000
0x00000000291bf158:   0000000000000001 000000018004bb20
0x00000000291bf168:   0000000000000000 0000000000000001
0x00000000291bf178:   00007ffe94ce7286 0000000000000000
0x00000000291bf188:   00000000268056d0 0000000000000001
0x00000000291bf198:   0000000000000001 0000000000000000
0x00000000291bf1a8:   00007ffe94dbe57f 0000000000000001
0x00000000291bf1b8:   0000000000000000 0000000000000000
0x00000000291bf1c8:   000000002f430b30 0000000100000001
0x00000000291bf1d8:   000000018000ecac 000000018001c558 

Instructions: (pc=0x0000000000000000)
0xffffffffffffffe0:   


Register to memory mapping:

RAX=0x0000000000000000 is an unknown value
RBX=0x0000000000000000 is an unknown value
RCX=0x0000000000000001 is an unknown value
RDX=0x00007ffea986f0b8 is an unknown value
RSP=0x00000000291bf0e8 is an unknown value
RBP=0x00000000268056d0 is an unknown value
RSI=0x0000000000010000 is an unknown value
RDI=0x0000000000000000 is an unknown value
R8 =0x000000000119f000 is an unknown value
R9 =0x000000000000000e is an unknown value
R10=0x0000000000000000 is an unknown value
R11=0x000000003a1faa20 is an unknown value
R12=0x00007ffe94dbe440 is an unknown value
R13=0x0000000001911658 is an unknown value
R14=0x00007ffe94ce0000 is an unknown value
R15=0x0000000000000001 is an unknown value


Stack: [0x00000000290c0000,0x00000000291c0000],  sp=0x00000000291bf0e8,  free space=1020k
Native frames: (J=compiled Java code, j=interpreted, Vv=VM code, C=native code)

VM_Operation (0x00000000297beb10): Exit, mode: safepoint, requested by thread 0x000000002ded5000


---------------  P R O C E S S  ---------------

Java Threads: ( => current thread )
  0x000000002d591000 JavaThread "AWT-Shutdown" [_thread_blocked, id=3216, stack(0x00000000704d0000,0x00000000705d0000)]
  0x000000002ded5000 JavaThread "SIGINT handler" daemon [_thread_blocked, id=23952, stack(0x00000000296c0000,0x00000000297c0000)]
  0x0000000030429000 JavaThread "Netty Server IO #5" daemon [_thread_in_native, id=10300, stack(0x00000000678e0000,0x00000000679e0000)]
  0x000000002ded6800 JavaThread "Netty Local Client IO #2" daemon [_thread_blocked, id=4312, stack(0x00000000674e0000,0x00000000675e0000)]
  0x000000002ded6000 JavaThread "Netty Server IO #4" daemon [_thread_in_native, id=16320, stack(0x0000000065710000,0x0000000065810000)]
  0x000000002ded9000 JavaThread "Server thread" [_thread_blocked, id=24332, stack(0x000000005fd00000,0x000000005fe00000)]
  0x0000000030428800 JavaThread "Netty Server IO #3" daemon [_thread_in_native, id=17000, stack(0x0000000060200000,0x0000000060300000)]
  0x0000000030427800 JavaThread "Netty Local Client IO #1" daemon [_thread_blocked, id=172, stack(0x0000000060100000,0x0000000060200000)]
  0x0000000030427000 JavaThread "Netty Server IO #2" daemon [_thread_in_native, id=22596, stack(0x000000005ff00000,0x0000000060000000)]
  0x0000000030425800 JavaThread "pool-2-thread-4" [_thread_blocked, id=23852, stack(0x0000000034450000,0x0000000034550000)]
  0x0000000030426000 JavaThread "pool-2-thread-3" [_thread_blocked, id=24836, stack(0x0000000001770000,0x0000000001870000)]
  0x0000000030423000 JavaThread "pool-2-thread-2" [_thread_blocked, id=8720, stack(0x0000000001670000,0x0000000001770000)]
  0x0000000030424800 JavaThread "pool-2-thread-1" [_thread_blocked, id=20628, stack(0x00000000675e0000,0x00000000676e0000)]
  0x000000002deda800 JavaThread "File IO Thread" [_thread_blocked, id=20636, stack(0x0000000030ee0000,0x0000000030fe0000)]
  0x000000002ded9800 JavaThread "Chunk I/O Executor Thread-1" daemon [_thread_blocked, id=16636, stack(0x00000000679f0000,0x0000000067af0000)]
  0x000000002ded7800 JavaThread "Netty Server IO #1" daemon [_thread_in_native, id=11880, stack(0x00000000667f0000,0x00000000668f0000)]
  0x000000002dedb000 JavaThread "Netty Local Client IO #0" daemon [_thread_blocked, id=14372, stack(0x00000000666f0000,0x00000000667f0000)]
  0x000000002dedc000 JavaThread "Netty Server IO #0" daemon [_thread_in_native, id=19264, stack(0x00000000665f0000,0x00000000666f0000)]
  0x000000002decd800 JavaThread "Thread-14" [_thread_blocked, id=23936, stack(0x0000000032760000,0x0000000032860000)]
  0x000000002ded2000 JavaThread "Thread-13" [_thread_blocked, id=24232, stack(0x0000000061740000,0x0000000061840000)]
  0x000000002decd000 JavaThread "Chunk Batcher 1" daemon [_thread_blocked, id=20688, stack(0x0000000061c40000,0x0000000061d40000)]
  0x000000002ded1800 JavaThread "Chunk Batcher 0" daemon [_thread_blocked, id=25548, stack(0x0000000060700000,0x0000000060800000)]
  0x00000000283b1800 JavaThread "LWJGL Timer" daemon [_thread_blocked, id=24684, stack(0x0000000032860000,0x0000000032960000)]
  0x0000000030a43000 JavaThread "Java2D Disposer" daemon [_thread_blocked, id=23972, stack(0x0000000032460000,0x0000000032560000)]
  0x000000002f00c800 JavaThread "Timer hack thread" daemon [_thread_blocked, id=15636, stack(0x0000000030d60000,0x0000000030e60000)]
  0x000000002e04a800 JavaThread "Snooper Timer" daemon [_thread_blocked, id=24736, stack(0x000000002f320000,0x000000002f420000)]
  0x0000000028177000 JavaThread "Service Thread" daemon [_thread_blocked, id=20320, stack(0x0000000029dc0000,0x0000000029ec0000)]
  0x00000000280f2800 JavaThread "C1 CompilerThread3" daemon [_thread_blocked, id=6808, stack(0x0000000029cc0000,0x0000000029dc0000)]
  0x000000002809e000 JavaThread "C2 CompilerThread2" daemon [_thread_blocked, id=15944, stack(0x0000000029bc0000,0x0000000029cc0000)]
  0x000000002809d800 JavaThread "C2 CompilerThread1" daemon [_thread_blocked, id=11244, stack(0x0000000029ac0000,0x0000000029bc0000)]
  0x00000000280a7000 JavaThread "C2 CompilerThread0" daemon [_thread_blocked, id=25216, stack(0x00000000299c0000,0x0000000029ac0000)]
  0x000000002808b800 JavaThread "JDWP Event Helper Thread" daemon [_thread_blocked, id=8736, stack(0x00000000297c0000,0x00000000298c0000)]
  0x0000000028070800 JavaThread "Attach Listener" daemon [_thread_blocked, id=18720, stack(0x00000000295c0000,0x00000000296c0000)]
  0x000000002806f800 JavaThread "Signal Dispatcher" daemon [_thread_blocked, id=25152, stack(0x00000000294c0000,0x00000000295c0000)]
  0x0000000026987000 JavaThread "Finalizer" daemon [_thread_blocked, id=11812, stack(0x00000000292c0000,0x00000000293c0000)]
  0x0000000028053000 JavaThread "Reference Handler" daemon [_thread_blocked, id=19148, stack(0x00000000291c0000,0x00000000292c0000)]
  0x0000000003449000 JavaThread "Client thread" [_thread_blocked, id=18528, stack(0x0000000003340000,0x0000000003440000)]

Other Threads:
=>0x0000000028032800 VMThread [stack: 0x00000000290c0000,0x00000000291c0000] [id=16924]

VM state:at safepoint (shutting down)

VM Mutex/Monitor currently owned by a thread:  ([mutex/lock_event])
[0x0000000003440f50] Threads_lock - owner thread: 0x0000000028032800

heap address: 0x00000005c1000000, size: 8176 MB, Compressed Oops mode: Zero based, Oop shift amount: 3
Narrow klass base: 0x0000000000000000, Narrow klass shift: 3
Compressed class space size: 1073741824 Address: 0x00000007c0000000

Heap:
 PSYoungGen      total 2707456K, used 1299595K [0x0000000715b00000, 0x00000007bfd80000, 0x00000007c0000000)
  eden space 2629120K, 47% used [0x0000000715b00000,0x000000076262f2e0,0x00000007b6280000)
  from space 78336K, 54% used [0x00000007bb100000,0x00000007bdaf3b50,0x00000007bfd80000)
  to   space 79360K, 0% used [0x00000007b6280000,0x00000007b6280000,0x00000007bb000000)
 ParOldGen       total 517120K, used 284841K [0x00000005c1000000, 0x00000005e0900000, 0x0000000715b00000)
  object space 517120K, 55% used [0x00000005c1000000,0x00000005d262a690,0x00000005e0900000)
 Metaspace       used 66054K, capacity 67566K, committed 67840K, reserved 1107968K
  class space    used 8297K, capacity 8588K, committed 8704K, reserved 1048576K

Card table byte_map: [0x0000000012ac0000,0x0000000013ac0000] byte_map_base: 0x000000000fcb8000

Marking Bits: (ParMarkBitMap*) 0x000000006908af90
 Begin Bits: [0x0000000014f70000, 0x000000001cf30000)
 End Bits:   [0x000000001cf30000, 0x0000000024ef0000)

Polling page: 0x0000000001390000

CodeCache: size=245760Kb used=38406Kb max_used=42881Kb free=207353Kb
 bounds [0x0000000003700000, 0x0000000006120000, 0x0000000012700000]
 total_blobs=10340 nmethods=9403 adapters=857
 compilation: enabled

Compilation events (10 events):
Event: 778.477 Thread 0x00000000280a7000 15205       4       java.util.LinkedHashMap$LinkedValueIterator::next (8 bytes)
Event: 778.478 Thread 0x00000000280a7000 nmethod 15205 0x000000000393f710 code [0x000000000393f860, 0x000000000393f978]
Event: 778.482 Thread 0x000000002809e000 15206       4       com.google.gson.JsonObject::<init> (16 bytes)
Event: 778.484 Thread 0x000000002809e000 nmethod 15206 0x000000000380e6d0 code [0x000000000380e820, 0x000000000380e9b8]
Event: 778.484 Thread 0x00000000280f2800 15207       1       net.minecraftforge.event.world.ChunkWatchEvent$UnWatch::getListenerList (4 bytes)
Event: 778.484 Thread 0x00000000280f2800 nmethod 15207 0x00000000046654d0 code [0x0000000004665620, 0x0000000004665730]
Event: 778.484 Thread 0x00000000280f2800 15208       3       java.util.concurrent.ConcurrentHashMap::resizeStamp (13 bytes)
Event: 778.484 Thread 0x00000000280f2800 nmethod 15208 0x0000000004c2ef10 code [0x0000000004c2f080, 0x0000000004c2f208]
Event: 778.494 Thread 0x000000002809d800 15209       4       java.lang.Long::equals (30 bytes)
Event: 778.495 Thread 0x000000002809d800 nmethod 15209 0x0000000004c972d0 code [0x0000000004c97420, 0x0000000004c974b8]

GC Heap History (10 events):
Event: 608.582 GC heap before
{Heap before GC invocations=48 (full 13):
 PSYoungGen      total 2696192K, used 115814K [0x0000000715b00000, 0x00000007bf880000, 0x00000007c0000000)
  eden space 2611200K, 4% used [0x0000000715b00000,0x000000071cc198a0,0x00000007b5100000)
  from space 84992K, 0% used [0x00000007ba480000,0x00000007ba480000,0x00000007bf780000)
  to   space 85504K, 0% used [0x00000007b5100000,0x00000007b5100000,0x00000007ba480000)
 ParOldGen       total 517120K, used 284414K [0x00000005c1000000, 0x00000005e0900000, 0x0000000715b00000)
  object space 517120K, 54% used [0x00000005c1000000,0x00000005d25bf960,0x00000005e0900000)
 Metaspace       used 66005K, capacity 67460K, committed 67584K, reserved 1107968K
  class space    used 8290K, capacity 8581K, committed 8704K, reserved 1048576K
Event: 608.626 GC heap after
Heap after GC invocations=48 (full 13):
 PSYoungGen      total 2638848K, used 27583K [0x0000000715b00000, 0x00000007bee80000, 0x00000007c0000000)
  eden space 2611200K, 0% used [0x0000000715b00000,0x0000000715b00000,0x00000007b5100000)
  from space 27648K, 99% used [0x00000007b5100000,0x00000007b6befe40,0x00000007b6c00000)
  to   space 80384K, 0% used [0x00000007ba000000,0x00000007ba000000,0x00000007bee80000)
 ParOldGen       total 517120K, used 284414K [0x00000005c1000000, 0x00000005e0900000, 0x0000000715b00000)
  object space 517120K, 54% used [0x00000005c1000000,0x00000005d25bf960,0x00000005e0900000)
 Metaspace       used 66005K, capacity 67460K, committed 67584K, reserved 1107968K
  class space    used 8290K, capacity 8581K, committed 8704K, reserved 1048576K
}
Event: 608.626 GC heap before
{Heap before GC invocations=49 (full 14):
 PSYoungGen      total 2638848K, used 27583K [0x0000000715b00000, 0x00000007bee80000, 0x00000007c0000000)
  eden space 2611200K, 0% used [0x0000000715b00000,0x0000000715b00000,0x00000007b5100000)
  from space 27648K, 99% used [0x00000007b5100000,0x00000007b6befe40,0x00000007b6c00000)
  to   space 80384K, 0% used [0x00000007ba000000,0x00000007ba000000,0x00000007bee80000)
 ParOldGen       total 517120K, used 284414K [0x00000005c1000000, 0x00000005e0900000, 0x0000000715b00000)
  object space 517120K, 54% used [0x00000005c1000000,0x00000005d25bf960,0x00000005e0900000)
 Metaspace       used 66005K, capacity 67460K, committed 67584K, reserved 1107968K
  class space    used 8290K, capacity 8581K, committed 8704K, reserved 1048576K
Event: 608.899 GC heap after
Heap after GC invocations=49 (full 14):
 PSYoungGen      total 2638848K, used 0K [0x0000000715b00000, 0x00000007bee80000, 0x00000007c0000000)
  eden space 2611200K, 0% used [0x0000000715b00000,0x0000000715b00000,0x00000007b5100000)
  from space 27648K, 0% used [0x00000007b5100000,0x00000007b5100000,0x00000007b6c00000)
  to   space 80384K, 0% used [0x00000007ba000000,0x00000007ba000000,0x00000007bee80000)
 ParOldGen       total 517120K, used 284841K [0x00000005c1000000, 0x00000005e0900000, 0x0000000715b00000)
  object space 517120K, 55% used [0x00000005c1000000,0x00000005d262a690,0x00000005e0900000)
 Metaspace       used 66005K, capacity 67460K, committed 67584K, reserved 1107968K
  class space    used 8290K, capacity 8581K, committed 8704K, reserved 1048576K
}
Event: 628.880 GC heap before
{Heap before GC invocations=50 (full 14):
 PSYoungGen      total 2638848K, used 2611200K [0x0000000715b00000, 0x00000007bee80000, 0x00000007c0000000)
  eden space 2611200K, 100% used [0x0000000715b00000,0x00000007b5100000,0x00000007b5100000)
  from space 27648K, 0% used [0x00000007b5100000,0x00000007b5100000,0x00000007b6c00000)
  to   space 80384K, 0% used [0x00000007ba000000,0x00000007ba000000,0x00000007bee80000)
 ParOldGen       total 517120K, used 284841K [0x00000005c1000000, 0x00000005e0900000, 0x0000000715b00000)
  object space 517120K, 55% used [0x00000005c1000000,0x00000005d262a690,0x00000005e0900000)
 Metaspace       used 66019K, capacity 67460K, committed 67584K, reserved 1107968K
  class space    used 8290K, capacity 8581K, committed 8704K, reserved 1048576K
Event: 628.892 GC heap after
Heap after GC invocations=50 (full 14):
 PSYoungGen      total 2691584K, used 44849K [0x0000000715b00000, 0x00000007c0000000, 0x00000007c0000000)
  eden space 2611200K, 0% used [0x0000000715b00000,0x0000000715b00000,0x00000007b5100000)
  from space 80384K, 55% used [0x00000007ba000000,0x00000007bcbcc710,0x00000007bee80000)
  to   space 80896K, 0% used [0x00000007b5100000,0x00000007b5100000,0x00000007ba000000)
 ParOldGen       total 517120K, used 284841K [0x00000005c1000000, 0x00000005e0900000, 0x0000000715b00000)
  object space 517120K, 55% used [0x00000005c1000000,0x00000005d262a690,0x00000005e0900000)
 Metaspace       used 66019K, capacity 67460K, committed 67584K, reserved 1107968K
  class space    used 8290K, capacity 8581K, committed 8704K, reserved 1048576K
}
Event: 691.999 GC heap before
{Heap before GC invocations=51 (full 14):
 PSYoungGen      total 2691584K, used 2656049K [0x0000000715b00000, 0x00000007c0000000, 0x00000007c0000000)
  eden space 2611200K, 100% used [0x0000000715b00000,0x00000007b5100000,0x00000007b5100000)
  from space 80384K, 55% used [0x00000007ba000000,0x00000007bcbcc710,0x00000007bee80000)
  to   space 80896K, 0% used [0x00000007b5100000,0x00000007b5100000,0x00000007ba000000)
 ParOldGen       total 517120K, used 284841K [0x00000005c1000000, 0x00000005e0900000, 0x0000000715b00000)
  object space 517120K, 55% used [0x00000005c1000000,0x00000005d262a690,0x00000005e0900000)
 Metaspace       used 66039K, capacity 67502K, committed 67840K, reserved 1107968K
  class space    used 8294K, capacity 8588K, committed 8704K, reserved 1048576K
Event: 692.009 GC heap after
Heap after GC invocations=51 (full 14):
 PSYoungGen      total 2692096K, used 42959K [0x0000000715b00000, 0x00000007bff80000, 0x00000007c0000000)
  eden space 2611200K, 0% used [0x0000000715b00000,0x0000000715b00000,0x00000007b5100000)
  from space 80896K, 53% used [0x00000007b5100000,0x00000007b7af3e40,0x00000007ba000000)
  to   space 80384K, 0% used [0x00000007bb100000,0x00000007bb100000,0x00000007bff80000)
 ParOldGen       total 517120K, used 284841K [0x00000005c1000000, 0x00000005e0900000, 0x0000000715b00000)
  object space 517120K, 55% used [0x00000005c1000000,0x00000005d262a690,0x00000005e0900000)
 Metaspace       used 66039K, capacity 67502K, committed 67840K, reserved 1107968K
  class space    used 8294K, capacity 8588K, committed 8704K, reserved 1048576K
}
Event: 751.732 GC heap before
{Heap before GC invocations=52 (full 14):
 PSYoungGen      total 2692096K, used 2654159K [0x0000000715b00000, 0x00000007bff80000, 0x00000007c0000000)
  eden space 2611200K, 100% used [0x0000000715b00000,0x00000007b5100000,0x00000007b5100000)
  from space 80896K, 53% used [0x00000007b5100000,0x00000007b7af3e40,0x00000007ba000000)
  to   space 80384K, 0% used [0x00000007bb100000,0x00000007bb100000,0x00000007bff80000)
 ParOldGen       total 517120K, used 284841K [0x00000005c1000000, 0x00000005e0900000, 0x0000000715b00000)
  object space 517120K, 55% used [0x00000005c1000000,0x00000005d262a690,0x00000005e0900000)
 Metaspace       used 66039K, capacity 67502K, committed 67840K, reserved 1107968K
  class space    used 8294K, capacity 8588K, committed 8704K, reserved 1048576K
Event: 751.742 GC heap after
Heap after GC invocations=52 (full 14):
 PSYoungGen      total 2707456K, used 42958K [0x0000000715b00000, 0x00000007bfd80000, 0x00000007c0000000)
  eden space 2629120K, 0% used [0x0000000715b00000,0x0000000715b00000,0x00000007b6280000)
  from space 78336K, 54% used [0x00000007bb100000,0x00000007bdaf3b50,0x00000007bfd80000)
  to   space 79360K, 0% used [0x00000007b6280000,0x00000007b6280000,0x00000007bb000000)
 ParOldGen       total 517120K, used 284841K [0x00000005c1000000, 0x00000005e0900000, 0x0000000715b00000)
  object space 517120K, 55% used [0x00000005c1000000,0x00000005d262a690,0x00000005e0900000)
 Metaspace       used 66039K, capacity 67502K, committed 67840K, reserved 1107968K
  class space    used 8294K, capacity 8588K, committed 8704K, reserved 1048576K
}

Deoptimization events (10 events):
Event: 615.263 Thread 0x0000000003449000 Uncommon trap: reason=class_check action=maybe_recompile pc=0x00000000059666c8 method=net.minecraft.entity.Entity.moveEntity(DDD)V @ 1701
Event: 615.278 Thread 0x000000002ded9000 Uncommon trap: reason=class_check action=maybe_recompile pc=0x00000000059666c8 method=net.minecraft.entity.Entity.moveEntity(DDD)V @ 1701
Event: 615.463 Thread 0x0000000003449000 Uncommon trap: reason=unstable_if action=reinterpret pc=0x0000000005930ff0 method=net.minecraft.util.AxisAlignedBB.calculateXOffset(Lnet/minecraft/util/AxisAlignedBB;D)D @ 105
Event: 778.476 Thread 0x000000002ded9000 Uncommon trap: reason=unstable_if action=reinterpret pc=0x0000000004de1fcc method=java.lang.String.valueOf(Ljava/lang/Object;)Ljava/lang/String; @ 1
Event: 778.476 Thread 0x000000002ded9000 Uncommon trap: reason=unstable_if action=reinterpret pc=0x00000000050476c0 method=java.lang.String.valueOf(Ljava/lang/Object;)Ljava/lang/String; @ 1
Event: 778.476 Thread 0x000000002ded9000 Uncommon trap: reason=class_check action=maybe_recompile pc=0x0000000004ddfebc method=org.apache.logging.log4j.core.Logger$PrivateConfig.filter(Lorg/apache/logging/log4j/Level;Lorg/apache/logging/log4j/Marker;Ljava/lang/String;)Z @ 4
Event: 778.477 Thread 0x000000002ded9000 Uncommon trap: reason=class_check action=maybe_recompile pc=0x0000000004ddfebc method=org.apache.logging.log4j.core.Logger$PrivateConfig.filter(Lorg/apache/logging/log4j/Level;Lorg/apache/logging/log4j/Marker;Ljava/lang/String;)Z @ 4
Event: 778.485 Thread 0x000000002ded9000 Uncommon trap: reason=class_check action=maybe_recompile pc=0x0000000004ddfebc method=org.apache.logging.log4j.core.Logger$PrivateConfig.filter(Lorg/apache/logging/log4j/Level;Lorg/apache/logging/log4j/Marker;Ljava/lang/String;)Z @ 4
Event: 778.485 Thread 0x000000002d591800 Uncommon trap: reason=class_check action=maybe_recompile pc=0x0000000004ddfebc method=org.apache.logging.log4j.core.Logger$PrivateConfig.filter(Lorg/apache/logging/log4j/Level;Lorg/apache/logging/log4j/Marker;Ljava/lang/String;)Z @ 4
Event: 778.485 Thread 0x000000002d591800 Uncommon trap: reason=class_check action=maybe_recompile pc=0x00000000044f29a0 method=org.apache.logging.log4j.core.Logger$PrivateConfig.filter(Lorg/apache/logging/log4j/Level;Lorg/apache/logging/log4j/Marker;Ljava/lang/String;)Z @ 4

Classes redefined (10 events):
Event: 160.577 Thread 0x0000000028032800 redefined class name=net.minecraft.client.network.NetworkPlayerInfo, count=1
Event: 244.175 Thread 0x0000000028032800 redefined class name=falcun.net.api.oldgui.components.scroll.VerticalScroll, count=3
Event: 351.607 Thread 0x0000000028032800 redefined class name=falcun.net.api.oldgui.components.scroll.VerticalScroll, count=4
Event: 535.125 Thread 0x0000000028032800 redefined class name=falcun.net.oldgui.ingame.mods.FalcunModSettingsPage, count=2
Event: 535.174 Thread 0x0000000028032800 redefined class name=falcun.net.oldgui.ingame.mods.FalcunModSettingsPage$1, count=2
Event: 601.284 Thread 0x0000000028032800 redefined class name=net.minecraft.world.World, count=2
Event: 673.828 Thread 0x0000000028032800 redefined class name=falcun.net.oldgui.ingame.mods.FalcunModSettingsPage, count=3
Event: 673.870 Thread 0x0000000028032800 redefined class name=falcun.net.oldgui.ingame.mods.FalcunModSettingsPage$1, count=3
Event: 688.917 Thread 0x0000000028032800 redefined class name=falcun.net.oldgui.ingame.mods.FalcunModSettingsPage, count=4
Event: 688.966 Thread 0x0000000028032800 redefined class name=falcun.net.oldgui.ingame.mods.FalcunModSettingsPage$1, count=4

Internal exceptions (10 events):
Event: 778.503 Thread 0x000000002ded2000 Exception <a 'java/lang/InterruptedException': sleep interrupted> (0x000000075c1bd1f8) thrown at [C:\jenkins\workspace\8-2-build-windows-amd64-cygwin\jdk8u251\737\hotspot\src\share\vm\prims\jvm.cpp, line 3336]
Event: 778.506 Thread 0x000000002ded2000 Exception <a 'java/lang/InterruptedException': sleep interrupted> (0x000000075c1bd4a0) thrown at [C:\jenkins\workspace\8-2-build-windows-amd64-cygwin\jdk8u251\737\hotspot\src\share\vm\prims\jvm.cpp, line 3336]
Event: 778.509 Thread 0x000000002ded2000 Exception <a 'java/lang/InterruptedException': sleep interrupted> (0x000000075c1bd748) thrown at [C:\jenkins\workspace\8-2-build-windows-amd64-cygwin\jdk8u251\737\hotspot\src\share\vm\prims\jvm.cpp, line 3336]
Event: 778.512 Thread 0x000000002ded2000 Exception <a 'java/lang/InterruptedException': sleep interrupted> (0x000000075c1bd9f0) thrown at [C:\jenkins\workspace\8-2-build-windows-amd64-cygwin\jdk8u251\737\hotspot\src\share\vm\prims\jvm.cpp, line 3336]
Event: 778.516 Thread 0x000000002ded2000 Exception <a 'java/lang/InterruptedException': sleep interrupted> (0x000000075c1bdc98) thrown at [C:\jenkins\workspace\8-2-build-windows-amd64-cygwin\jdk8u251\737\hotspot\src\share\vm\prims\jvm.cpp, line 3336]
Event: 778.519 Thread 0x000000002ded2000 Exception <a 'java/lang/InterruptedException': sleep interrupted> (0x000000075c1bdf40) thrown at [C:\jenkins\workspace\8-2-build-windows-amd64-cygwin\jdk8u251\737\hotspot\src\share\vm\prims\jvm.cpp, line 3336]
Event: 778.522 Thread 0x000000002ded2000 Exception <a 'java/lang/InterruptedException': sleep interrupted> (0x000000075c1be1e8) thrown at [C:\jenkins\workspace\8-2-build-windows-amd64-cygwin\jdk8u251\737\hotspot\src\share\vm\prims\jvm.cpp, line 3336]
Event: 778.526 Thread 0x000000002ded2000 Exception <a 'java/lang/InterruptedException': sleep interrupted> (0x000000075c1be490) thrown at [C:\jenkins\workspace\8-2-build-windows-amd64-cygwin\jdk8u251\737\hotspot\src\share\vm\prims\jvm.cpp, line 3336]
Event: 778.529 Thread 0x000000002ded2000 Exception <a 'java/lang/InterruptedException': sleep interrupted> (0x000000075c1be738) thrown at [C:\jenkins\workspace\8-2-build-windows-amd64-cygwin\jdk8u251\737\hotspot\src\share\vm\prims\jvm.cpp, line 3336]
Event: 778.532 Thread 0x000000002ded2000 Exception <a 'java/lang/InterruptedException': sleep interrupted> (0x000000075c1be9e0) thrown at [C:\jenkins\workspace\8-2-build-windows-amd64-cygwin\jdk8u251\737\hotspot\src\share\vm\prims\jvm.cpp, line 3336]

Events (10 events):
Event: 778.522 Thread 0x000000002ded2000 DEOPT PACKING pc=0x00000000038b4adc sp=0x000000006183f2d0
Event: 778.522 Thread 0x000000002ded2000 DEOPT UNPACKING pc=0x0000000003747490 sp=0x000000006183efe8 mode 1
Event: 778.526 Thread 0x000000002ded2000 DEOPT PACKING pc=0x00000000038b4adc sp=0x000000006183f2d0
Event: 778.526 Thread 0x000000002ded2000 DEOPT UNPACKING pc=0x0000000003747490 sp=0x000000006183efe8 mode 1
Event: 778.529 Thread 0x000000002ded2000 DEOPT PACKING pc=0x00000000038b4adc sp=0x000000006183f2d0
Event: 778.529 Thread 0x000000002ded2000 DEOPT UNPACKING pc=0x0000000003747490 sp=0x000000006183efe8 mode 1
Event: 778.532 Thread 0x000000002d58b800 Thread exited: 0x000000002d58b800
Event: 778.532 Thread 0x000000002ded2000 DEOPT PACKING pc=0x00000000038b4adc sp=0x000000006183f2d0
Event: 778.532 Thread 0x000000002ded2000 DEOPT UNPACKING pc=0x0000000003747490 sp=0x000000006183efe8 mode 1
Event: 778.534 Executing VM operation: Exit


Dynamic libraries:
0x00007ff65be10000 - 0x00007ff65be47000 	C:\Program Files\Java\jdk1.8.0_251\bin\java.exe
0x00007ffecf310000 - 0x00007ffecf505000 	C:\Windows\SYSTEM32\ntdll.dll
0x00007ffecef90000 - 0x00007ffecf04d000 	C:\Windows\System32\KERNEL32.DLL
0x00007ffeccf60000 - 0x00007ffecd22d000 	C:\Windows\System32\KERNELBASE.dll
0x00007ffecde70000 - 0x00007ffecdf1e000 	C:\Windows\System32\ADVAPI32.dll
0x00007ffece0c0000 - 0x00007ffece15e000 	C:\Windows\System32\msvcrt.dll
0x00007ffecdf50000 - 0x00007ffecdfec000 	C:\Windows\System32\sechost.dll
0x00007ffece980000 - 0x00007ffeceaa5000 	C:\Windows\System32\RPCRT4.dll
0x00007ffecdcd0000 - 0x00007ffecde70000 	C:\Windows\System32\USER32.dll
0x00007ffeccc90000 - 0x00007ffecccb2000 	C:\Windows\System32\win32u.dll
0x00007ffecf2a0000 - 0x00007ffecf2ca000 	C:\Windows\System32\GDI32.dll
0x00007ffecca20000 - 0x00007ffeccb2b000 	C:\Windows\System32\gdi32full.dll
0x00007ffeccec0000 - 0x00007ffeccf5d000 	C:\Windows\System32\msvcp_win.dll
0x00007ffecccc0000 - 0x00007ffeccdc0000 	C:\Windows\System32\ucrtbase.dll
0x00007ffeb77d0000 - 0x00007ffeb7a6a000 	C:\Windows\WinSxS\amd64_microsoft.windows.common-controls_6595b64144ccf1df_6.0.19041.1110_none_60b5254171f9507e\COMCTL32.dll
0x00007ffecdf20000 - 0x00007ffecdf50000 	C:\Windows\System32\IMM32.DLL
0x0000000069110000 - 0x00000000691e2000 	C:\Program Files\Java\jdk1.8.0_251\jre\bin\msvcr100.dll
0x0000000068860000 - 0x000000006910b000 	C:\Program Files\Java\jdk1.8.0_251\jre\bin\server\jvm.dll
0x00007ffece970000 - 0x00007ffece978000 	C:\Windows\System32\PSAPI.DLL
0x00007ffec4320000 - 0x00007ffec4347000 	C:\Windows\SYSTEM32\WINMM.dll
0x00007ffec6160000 - 0x00007ffec616a000 	C:\Windows\SYSTEM32\VERSION.dll
0x00007ffea0d20000 - 0x00007ffea0d29000 	C:\Windows\SYSTEM32\WSOCK32.dll
0x00007ffecdc60000 - 0x00007ffecdccb000 	C:\Windows\System32\WS2_32.dll
0x00007ffec8590000 - 0x00007ffec859f000 	C:\Program Files\Java\jdk1.8.0_251\jre\bin\verify.dll
0x00007ffec84c0000 - 0x00007ffec84e9000 	C:\Program Files\Java\jdk1.8.0_251\jre\bin\java.dll
0x00007ffeb2de0000 - 0x00007ffeb2e15000 	C:\Program Files\Java\jdk1.8.0_251\jre\bin\jdwp.dll
0x00007ffeb9c70000 - 0x00007ffeb9c78000 	C:\Program Files\Java\jdk1.8.0_251\jre\bin\npt.dll
0x00007ffeb2830000 - 0x00007ffeb2853000 	C:\Program Files\Java\jdk1.8.0_251\jre\bin\instrument.dll
0x00007ffebf690000 - 0x00007ffebf6a6000 	C:\Program Files\Java\jdk1.8.0_251\jre\bin\zip.dll
0x00007ffece220000 - 0x00007ffece964000 	C:\Windows\System32\SHELL32.dll
0x00007ffecab40000 - 0x00007ffecb2d4000 	C:\Windows\SYSTEM32\windows.storage.dll
0x00007ffecd7d0000 - 0x00007ffecdb24000 	C:\Windows\System32\combase.dll
0x00007ffecc3b0000 - 0x00007ffecc3dc000 	C:\Windows\SYSTEM32\Wldp.dll
0x00007ffecf0d0000 - 0x00007ffecf17d000 	C:\Windows\System32\SHCORE.dll
0x00007ffecd700000 - 0x00007ffecd755000 	C:\Windows\System32\shlwapi.dll
0x00007ffecc960000 - 0x00007ffecc97f000 	C:\Windows\SYSTEM32\profapi.dll
0x00007ffeb9c60000 - 0x00007ffeb9c69000 	C:\Program Files\Java\jdk1.8.0_251\jre\bin\dt_socket.dll
0x00007ffecc110000 - 0x00007ffecc17a000 	C:\Windows\system32\mswsock.dll
0x00007ffeb9f30000 - 0x00007ffeb9f3d000 	C:\Program Files\Java\jdk1.8.0_251\jre\bin\management.dll
0x00007ffebf670000 - 0x00007ffebf68a000 	C:\Program Files\Java\jdk1.8.0_251\jre\bin\net.dll
0x00007ffebf650000 - 0x00007ffebf662000 	C:\Program Files\Java\jdk1.8.0_251\jre\bin\nio.dll
0x00007ffecc300000 - 0x00007ffecc318000 	C:\Windows\SYSTEM32\CRYPTSP.dll
0x00007ffecba90000 - 0x00007ffecbac4000 	C:\Windows\system32\rsaenh.dll
0x00007ffecd2a0000 - 0x00007ffecd2c7000 	C:\Windows\System32\bcrypt.dll
0x00007ffecc920000 - 0x00007ffecc94e000 	C:\Windows\SYSTEM32\USERENV.dll
0x00007ffecd2d0000 - 0x00007ffecd352000 	C:\Windows\System32\bcryptprimitives.dll
0x00007ffecc320000 - 0x00007ffecc32c000 	C:\Windows\SYSTEM32\CRYPTBASE.dll
0x00007ffecbe00000 - 0x00007ffecbe3b000 	C:\Windows\SYSTEM32\IPHLPAPI.DLL
0x00007ffecd760000 - 0x00007ffecd768000 	C:\Windows\System32\NSI.dll
0x00007ffec5eb0000 - 0x00007ffec5ec7000 	C:\Windows\SYSTEM32\dhcpcsvc6.DLL
0x00007ffec6400000 - 0x00007ffec641d000 	C:\Windows\SYSTEM32\dhcpcsvc.DLL
0x00007ffecbe40000 - 0x00007ffecbf0b000 	C:\Windows\SYSTEM32\DNSAPI.dll
0x00007ffeb8b80000 - 0x00007ffeb8b8a000 	C:\Users\lyons\AppData\Local\Temp\jansi-64-728945198472400213.dll
0x00007ffebd870000 - 0x00007ffebd887000 	C:\Windows\system32\napinsp.dll
0x00007ffebd7a0000 - 0x00007ffebd7bb000 	C:\Windows\system32\pnrpnsp.dll
0x00007ffebd4b0000 - 0x00007ffebd4c5000 	C:\Windows\system32\wshbth.dll
0x00007ffec8480000 - 0x00007ffec849d000 	C:\Windows\system32\NLAapi.dll
0x00007ffebd490000 - 0x00007ffebd4a2000 	C:\Windows\System32\winrnr.dll
0x00007ffec1320000 - 0x00007ffec132a000 	C:\Windows\System32\rasadhlp.dll
0x00007ffec1400000 - 0x00007ffec1480000 	C:\Windows\System32\fwpuclnt.dll
0x0000000180000000 - 0x0000000180053000 	C:\Users\lyons\.gradle\caches\minecraft\net\minecraft\natives\1.8.9\lwjgl64.dll
0x00007ffe94ce0000 - 0x00007ffe94e06000 	C:\Windows\SYSTEM32\OPENGL32.dll
0x00007ffe903a0000 - 0x00007ffe903cc000 	C:\Windows\SYSTEM32\GLU32.dll
0x00007ffe981d0000 - 0x00007ffe9836a000 	C:\Program Files\Java\jdk1.8.0_251\jre\bin\awt.dll
0x00007ffecdff0000 - 0x00007ffece0bd000 	C:\Windows\System32\OLEAUT32.dll
0x00007ffeca330000 - 0x00007ffeca3c0000 	C:\Windows\SYSTEM32\apphelp.dll
0x00007ffec59e0000 - 0x00007ffec5a8e000 	C:\Windows\SYSTEM32\mscms.dll
0x00007ffec5960000 - 0x00007ffec5971000 	C:\Windows\SYSTEM32\ColorAdapterClient.dll
0x00007ffeca940000 - 0x00007ffeca952000 	C:\Windows\SYSTEM32\kernel.appcore.dll
0x00007ffece170000 - 0x00007ffece219000 	C:\Windows\System32\clbcatq.dll
0x00007ffe9cd40000 - 0x00007ffe9cd83000 	C:\Windows\System32\Windows.Internal.Graphics.Display.DisplayColorManagement.dll
0x00007ffeccdc0000 - 0x00007ffecce0e000 	C:\Windows\System32\cfgmgr32.dll
0x00007ffeca460000 - 0x00007ffeca4fe000 	C:\Windows\system32\uxtheme.dll
0x00007ffecf180000 - 0x00007ffecf295000 	C:\Windows\System32\MSCTF.dll
0x00007ffebae50000 - 0x00007ffebaf49000 	C:\Windows\SYSTEM32\textinputframework.dll
0x00007ffec9c50000 - 0x00007ffec9fae000 	C:\Windows\System32\CoreUIComponents.dll
0x00007ffec9fb0000 - 0x00007ffeca0a2000 	C:\Windows\System32\CoreMessaging.dll
0x00007ffecb720000 - 0x00007ffecb753000 	C:\Windows\SYSTEM32\ntmarta.dll
0x00007ffec8770000 - 0x00007ffec88c4000 	C:\Windows\SYSTEM32\wintypes.dll
0x00007ffec7a40000 - 0x00007ffec7b37000 	C:\Windows\System32\AppXDeploymentClient.dll
0x00007ffea0fe0000 - 0x00007ffea100d000 	C:\Windows\System32\DriverStore\FileRepository\u0379228.inf_amd64_d3f9915970900266\B379127\atig6pxx.dll
0x00007ffe7c010000 - 0x00007ffe7ee8f000 	C:\Windows\System32\DriverStore\FileRepository\u0379228.inf_amd64_d3f9915970900266\B379127\atio6axx.dll
0x00007ffeceb10000 - 0x00007ffecef81000 	C:\Windows\System32\SETUPAPI.dll
0x00007ffecdb30000 - 0x00007ffecdc5a000 	C:\Windows\System32\ole32.dll
0x00007ffec04d0000 - 0x00007ffec04f4000 	C:\Windows\SYSTEM32\dxva2.dll
0x00007ffeca760000 - 0x00007ffeca78f000 	C:\Windows\SYSTEM32\dwmapi.dll
0x00007ffea0fa0000 - 0x00007ffea0fdf000 	C:\Windows\System32\DriverStore\FileRepository\u0379228.inf_amd64_d3f9915970900266\B379127\atig6txx.dll
0x00007ffea1c90000 - 0x00007ffea1e64000 	C:\Windows\SYSTEM32\atiadlxx.dll
0x00007ffebf500000 - 0x00007ffebf549000 	C:\Windows\SYSTEM32\pdh.dll
0x00007ffec85f0000 - 0x00007ffec86e6000 	C:\Windows\SYSTEM32\PROPSYS.dll
0x00007ffecc760000 - 0x00007ffecc78c000 	C:\Windows\SYSTEM32\DEVOBJ.dll
0x00007ffecd230000 - 0x00007ffecd298000 	C:\Windows\System32\WINTRUST.dll
0x00007ffeccb30000 - 0x00007ffeccc86000 	C:\Windows\System32\CRYPT32.dll
0x00007ffecc5a0000 - 0x00007ffecc5b2000 	C:\Windows\SYSTEM32\MSASN1.dll
0x00007ffec4e10000 - 0x00007ffec4e4b000 	C:\Windows\SYSTEM32\dxcore.dll
0x00007ffeaa460000 - 0x00007ffeaa4a3000 	C:\Windows\SYSTEM32\icm32.dll
0x000000002d320000 - 0x000000002d358000 	C:\Users\lyons\AppData\Local\Temp\jna\jna1493288268677703240.dll
0x00007ffea9830000 - 0x00007ffea987b000 	C:\ProgramData\obs-studio-hook\graphics-hook64.dll
0x00007ffec8a20000 - 0x00007ffec8c84000 	C:\Windows\system32\d3d11.dll
0x00007ffecb440000 - 0x00007ffecb533000 	C:\Windows\SYSTEM32\dxgi.dll
0x00007ffec4350000 - 0x00007ffec4509000 	C:\Windows\System32\DriverStore\FileRepository\u0379228.inf_amd64_d3f9915970900266\B379127\aticfx64.dll
0x00007ffec4260000 - 0x00007ffec4299000 	C:\Windows\System32\DriverStore\FileRepository\u0379228.inf_amd64_d3f9915970900266\B379127\atiuxp64.dll
0x00007ffec22f0000 - 0x00007ffec425b000 	C:\Windows\System32\DriverStore\FileRepository\u0379228.inf_amd64_d3f9915970900266\B379127\atidxx64.dll
0x00007ffec2150000 - 0x00007ffec2180000 	C:\Windows\SYSTEM32\amdihk64.dll
0x0000000070a40000 - 0x0000000070adc000 	C:\Users\lyons\.gradle\caches\minecraft\net\minecraft\natives\1.8.9\avutil-ttv-51.dll
0x0000000065980000 - 0x00000000659d6000 	C:\Users\lyons\.gradle\caches\minecraft\net\minecraft\natives\1.8.9\swresample-ttv-0.dll
0x000000006eb80000 - 0x000000006ec50000 	C:\Users\lyons\.gradle\caches\minecraft\net\minecraft\natives\1.8.9\libmp3lame-ttv.dll
0x00007ffe87340000 - 0x00007ffe886e4000 	C:\Users\lyons\.gradle\caches\minecraft\net\minecraft\natives\1.8.9\libmfxsw64.dll
0x00007ffe973f0000 - 0x00007ffe9755d000 	C:\Users\lyons\.gradle\caches\minecraft\net\minecraft\natives\1.8.9\twitchsdk.dll
0x00007ffebbb90000 - 0x00007ffebc066000 	C:\Windows\SYSTEM32\WININET.dll
0x0000000032960000 - 0x00000000329c4000 	C:\Users\lyons\.gradle\caches\minecraft\net\minecraft\natives\1.8.9\OpenAL64.dll
0x00007ffec5f40000 - 0x00007ffec5fc5000 	C:\Windows\System32\MMDevApi.dll
0x00007ffe9d830000 - 0x00007ffe9d8cc000 	C:\Windows\SYSTEM32\dsound.dll
0x00007ffecc7e0000 - 0x00007ffecc82b000 	C:\Windows\SYSTEM32\powrprof.dll
0x00007ffeac600000 - 0x00007ffeac626000 	C:\Windows\SYSTEM32\winmmbase.dll
0x00007ffecc7c0000 - 0x00007ffecc7d2000 	C:\Windows\SYSTEM32\UMPDC.dll
0x00007ffec6190000 - 0x00007ffec6312000 	C:\Windows\SYSTEM32\AUDIOSES.DLL
0x00007ffeca540000 - 0x00007ffeca554000 	C:\Windows\SYSTEM32\resourcepolicyclient.dll
0x00007ffeb0630000 - 0x00007ffeb0679000 	C:\Program Files\Java\jdk1.8.0_251\jre\bin\fontmanager.dll
0x00007ffe9d7e0000 - 0x00007ffe9d822000 	C:\Program Files\Java\jdk1.8.0_251\jre\bin\t2k.dll
0x00007ffeb1a20000 - 0x00007ffeb1a44000 	C:\Program Files\Java\jdk1.8.0_251\jre\bin\sunec.dll
0x00007ffeb5230000 - 0x00007ffeb523c000 	C:\Program Files\Java\jdk1.8.0_251\jre\bin\sunmscapi.dll
0x00007ffecc420000 - 0x00007ffecc447000 	C:\Windows\SYSTEM32\ncrypt.dll
0x00007ffecc3e0000 - 0x00007ffecc41b000 	C:\Windows\SYSTEM32\NTASN1.dll
0x00007ffec6c80000 - 0x00007ffec6e64000 	C:\Windows\SYSTEM32\dbghelp.dll

VM Arguments:
jvm_args: -agentlib:jdwp=transport=dt_socket,address=127.0.0.1:55446,suspend=y,server=n -javaagent:C:\Users\lyons\AppData\Local\JetBrains\Toolbox\apps\IDEA-U\ch-0\221.5591.52\plugins\java\lib\rt\debugger-agent.jar -Dfile.encoding=UTF-8 
java_command: GradleStart
java_class_path (initial): C:\Program Files\Java\jdk1.8.0_251\jre\lib\charsets.jar;C:\Program Files\Java\jdk1.8.0_251\jre\lib\deploy.jar;C:\Program Files\Java\jdk1.8.0_251\jre\lib\ext\access-bridge-64.jar;C:\Program Files\Java\jdk1.8.0_251\jre\lib\ext\cldrdata.jar;C:\Program Files\Java\jdk1.8.0_251\jre\lib\ext\dnsns.jar;C:\Program Files\Java\jdk1.8.0_251\jre\lib\ext\jaccess.jar;C:\Program Files\Java\jdk1.8.0_251\jre\lib\ext\jfxrt.jar;C:\Program Files\Java\jdk1.8.0_251\jre\lib\ext\localedata.jar;C:\Program Files\Java\jdk1.8.0_251\jre\lib\ext\nashorn.jar;C:\Program Files\Java\jdk1.8.0_251\jre\lib\ext\sunec.jar;C:\Program Files\Java\jdk1.8.0_251\jre\lib\ext\sunjce_provider.jar;C:\Program Files\Java\jdk1.8.0_251\jre\lib\ext\sunmscapi.jar;C:\Program Files\Java\jdk1.8.0_251\jre\lib\ext\sunpkcs11.jar;C:\Program Files\Java\jdk1.8.0_251\jre\lib\ext\zipfs.jar;C:\Program Files\Java\jdk1.8.0_251\jre\lib\javaws.jar;C:\Program Files\Java\jdk1.8.0_251\jre\lib\jce.jar;C:\Program Files\Java\jdk1.8.0_251\jre\lib\jfr.jar;C:\Program Files\Java\jdk1.8.0_251\jre\lib\jfxswt.jar;C:\Program Files\Java\jdk1.8.0_251\jre\lib\jsse.jar;C:\Program Files\Java\jdk1.8.0_251\jre\lib\management-agent.jar;C:\Program Files\Java\jdk1.8.0_251\jre\lib\plugin.jar;C:\Program Files\Java\jdk1.8.0_251\jre\lib\resources.jar;C:\Program Files\Java\jdk1.8.0_251\jre\lib\rt.jar;D:\FALCUN\OUTPUTTER\production\client.projects.Forge.main;C:\Users\lyons\.gradle\caches\modules-2\files-2.1\com.mojang\netty\1.8.8\a796914d1c8a55b4da9f4a8856dd9623375d8bb\netty-1.8.8.jar;C:\Users\lyons\.gradle\caches\modules-2\files-2.1\oshi-project\oshi-core\1.1\9ddf7b048a8d701be231c0f4f95fd986198fd2d8\oshi-core-1.1.jar;C:\Users\lyons\.gradle\caches\modules-2\files-2.1\net.java.dev.jna\jna\3.4.0\803ff252fedbd395baffd43b37341dc4a150a554\jna-3.4.0.jar;C:\Users\lyons\.gradle\caches\modules-2\files-2.1\net.java.dev.jna\platform\3.4.0\e3f70017be8100d3d6923f50b3d2ee17714e9c13\platform-3.4.0.jar;C:\Users\lyons\.gradle\caches\modules-2\files-2.1\co
Launcher Type: SUN_STANDARD

Environment Variables:
JAVA_HOME=C:\Program Files\Java\jdk1.8.0_251
PATH=C:\Program Files\Java\jdk1.8.0_251\bin;C:\Windows\system32;C:\Windows;C:\Windows\System32\Wbem;C:\Windows\System32\WindowsPowerShell\v1.0\;C:\Windows\System32\OpenSSH\;C:\Program Files\Git\cmd;C:\jruby-9.2.20.1\bin;C:\Program Files (x86)\scala\bin;C:\Program Files\nodejs\;C:\Program Files\PuTTY\;C:\HaxeToolkit\haxe;C:\HaxeToolkit\neko;C:\Program Files (x86)\Windows Live\Shared;C:\Gradle\gradle-7.4.2\bin;C:\Users\lyons\AppData\Local\Programs\Python\Python310\Scripts\;C:\Users\lyons\AppData\Local\Programs\Python\Python310\;c:\jruby-9.2.20.1\bin;C:\Users\lyons\AppData\Local\Microsoft\WindowsApps;C:\Program Files\JetBrains\IntelliJ IDEA Community Edition 2021.3.1\bin;;C:\ffmpeg\bin;C:\Program Files\Maven\apache-maven-3.8.4\bin;C:\Program Files\Java\jdk1.8.0_251C:\Program Files\Java\jdk1.8.0_251\bin;C:\Program Files\JetBrains\PyCharm 2021.3.2\bin;;C:\Users\lyons\AppData\Roaming\npm;C:\Users\lyons\AppData\Local\Programs\Microsoft VS Code\bin
USERNAME=lyons
OS=Windows_NT
PROCESSOR_IDENTIFIER=AMD64 Family 23 Model 1 Stepping 1, AuthenticAMD



---------------  S Y S T E M  ---------------

OS: Windows 10.0 , 64 bit Build 19041 (10.0.19041.1706)

CPU:total 12 (initial active 12) (12 cores per cpu, 1 threads per core) family 23 model 1 stepping 1, cmov, cx8, fxsr, mmx, sse, sse2, sse3, ssse3, sse4.1, sse4.2, popcnt, avx, avx2, aes, clmul, mmxext, 3dnowpref, lzcnt, sse4a, tsc, tscinvbit, tscinv, bmi1

Memory: 4k page, physical 33484504k(14561948k free), swap 38465240k(9314468k free)

vm_info: Java HotSpot(TM) 64-Bit Server VM (25.251-b08) for windows-amd64 JRE (1.8.0_251-b08), built on Mar 12 2020 06:31:49 by "" with MS VC++ 10.0 (VS2010)

time: Fri May 27 12:46:35 2022
timezone: Eastern Daylight Time
elapsed time: 778 seconds (0d 0h 12m 58s)

